2018-04-16 14:31:08,456-[YZT] [INFO] main com.up72.server.mina.utils.ProjectInfoPropertyUtil - 开始加载properties文件内容.......
2018-04-16 14:31:08,462-[YZT] [INFO] main com.up72.server.mina.utils.ProjectInfoPropertyUtil - 加载properties文件内容完成...........
2018-04-16 14:31:08,462-[YZT] [INFO] main com.up72.server.mina.utils.DataLoader - init mybatis
2018-04-16 14:31:08,477-[YZT] [INFO] main com.up72.server.mina.utils.DataLoader - 请求地址为：http://192.168.1.123:8086/
2018-04-16 14:31:09,087-[YZT] [INFO] main detail - {com.up72.server.mina.utils.redis.MyRedis} -- redis 初始化完成
2018-04-16 14:31:09,090-[YZT] [INFO] main detail - {com.up72.server.mina.utils.BackFileUtil} -- 回放文件清理完成！
2018-04-16 14:31:09,093-[YZT] [INFO] main detail - {com.up72.server.mina.tcp.MinaTCPServer} -- Mina TCP Server 服务器开始启动
2018-04-16 14:31:09,360-[YZT] [INFO] main detail - {com.up72.server.mina.tcp.MinaTCPServer} -- Mina TCP Server 唐山斗地主服务器启动完成，端口：8208
2018-04-16 14:31:10,057-[YZT] [INFO] main detail - {com.up72.server.mina.utils.TaskUtil} -- 加载spring的定时配置文件完成
2018-04-16 14:31:17,970-[YZT] [INFO] NioProcessor-2 detail - {com.up72.server.mina.handler.MinaServerHandler} -- 新客户端连接,id=1
2018-04-16 14:31:17,970-[YZT] [INFO] NioProcessor-2 detail - {com.up72.server.mina.handler.MinaServerHandler} -- 第 1 个 client 登陆！address： : /192.168.1.156:54402
2018-04-16 14:31:17,971-[YZT] [INFO] NioProcessor-2 detail - {com.up72.server.mina.handler.MinaServerHandler} --  session Opened ,连接数 -> 1
2018-04-16 14:31:17,990-[YZT] [INFO] NioProcessor-2 detail - {com.up72.server.mina.tcp.MinaDecoder} -- jsonString={"a":"100100","F":"wsw-2","G":10}
2018-04-16 14:31:17,990-[YZT] [INFO] NioProcessor-2 detail - {com.up72.server.mina.tcp.MinaDecoder} -- data={"a":"100100","F":"wsw-2","G":10}
2018-04-16 14:31:18,086-[YZT] [INFO] NioProcessor-2 detail - {com.up72.server.mina.tcp.MinaDecoder} -- json={"a":"100100","F":"wsw-2","G":10}
2018-04-16 14:31:18,086-[YZT] [INFO] NioProcessor-2 detail - {com.up72.server.mina.tcp.MinaDecoder} -- interfaceId=100100
2018-04-16 14:31:18,089-[YZT] [INFO] pool-3-thread-1 detail - {com.up72.server.mina.function.TCPFunctionExecutor} -- ==========================>接收到的数据{openId=wsw-2, interfaceId=100100, cId=10}
2018-04-16 14:31:18,104-[YZT] [INFO] pool-3-thread-1 detail - {com.up72.server.mina.utils.MyBatisUtils} -- sqlSession null , open a new sqlSesson and set to thread locad ! 
2018-04-16 14:31:18,107-[YZT] [INFO] pool-3-thread-1 detail - {com.up72.game.dao.impl.UserMapperImpl} -- sql name ==>>com.up72.game.dao.UserMapper.getNotice
2018-04-16 14:31:18,109-[YZT] [ERROR] pool-3-thread-1 detail - {com.up72.game.dao.impl.UserMapperImpl} -- getNotice数据库操作出错！
2018-04-16 14:31:18,111-[YZT] [INFO] pool-3-thread-1 detail - {com.up72.server.mina.utils.MyBatisUtils} -- sqlSession null , open a new sqlSesson and set to thread locad ! 
2018-04-16 14:31:18,112-[YZT] [INFO] pool-3-thread-1 detail - {com.up72.game.dao.impl.UserMapperImpl} -- sql name ==>>com.up72.game.dao.UserMapper.findByOpenId
2018-04-16 14:31:18,117-[YZT] [ERROR] pool-3-thread-1 detail - {com.up72.game.dao.impl.UserMapperImpl} -- findByOpenId数据库操作出错！
2018-04-16 14:31:18,166-[YZT] [INFO] pool-3-thread-1 detail - {com.up72.server.mina.utils.MyBatisUtils} -- sqlSession null , open a new sqlSesson and set to thread locad ! 
2018-04-16 14:31:18,166-[YZT] [ERROR] pool-3-thread-1 detail - {com.up72.game.dao.impl.UserMapperImpl} -- getMoneyInit数据库操作出错！
2018-04-16 14:31:18,167-[YZT] [INFO] pool-3-thread-1 detail - {com.up72.server.mina.utils.MyBatisUtils} -- sqlSession null , open a new sqlSesson and set to thread locad ! 
2018-04-16 14:31:18,167-[YZT] [ERROR] pool-3-thread-1 detail - {com.up72.game.dao.impl.UserMapperImpl} -- org.apache.ibatis.exceptions.PersistenceException: 
### Error updating database.  Cause: org.apache.ibatis.builder.IncompleteElementException: Could not find result map com.up72.game.dao.ClubMapper.BaseResultMap
### Cause: org.apache.ibatis.builder.IncompleteElementException: Could not find result map com.up72.game.dao.ClubMapper.BaseResultMap插入用户出错
2018-04-16 14:31:18,168-[YZT] [INFO] pool-3-thread-1 detail - {com.up72.server.mina.utils.MyBatisUtils} -- sqlSession null , open a new sqlSesson and set to thread locad ! 
2018-04-16 14:31:18,201-[YZT] [INFO] pool-3-thread-1 pressure - {com.up72.server.mina.handler.MinaServerHandler} -- TCP 函数 [ 100100 ] 请求处理时间 -->> 113
2018-04-16 14:31:18,232-[YZT] [INFO] NioProcessor-2 detail - {com.up72.server.mina.tcp.MinaDecoder} -- jsonString={"a":"100002","J":751882,"f":1}
2018-04-16 14:31:18,232-[YZT] [INFO] NioProcessor-2 detail - {com.up72.server.mina.tcp.MinaDecoder} -- data={"a":"100002","J":751882,"f":1}
2018-04-16 14:31:18,233-[YZT] [INFO] NioProcessor-2 detail - {com.up72.server.mina.tcp.MinaDecoder} -- json={"a":"100002","f":1,"J":751882}
2018-04-16 14:31:18,233-[YZT] [INFO] NioProcessor-2 detail - {com.up72.server.mina.tcp.MinaDecoder} -- interfaceId=100002
2018-04-16 14:31:18,234-[YZT] [INFO] pool-3-thread-2 detail - {com.up72.server.mina.function.TCPFunctionExecutor} -- ==========================>接收到的数据{interfaceId=100002, page=1, userId=751882}
2018-04-16 14:31:18,234-[YZT] [INFO] pool-3-thread-2 detail - {com.up72.server.mina.function.TCPGameFunctions} -- 大厅查询战绩,interfaceId -> 100002
2018-04-16 14:31:18,237-[YZT] [INFO] pool-3-thread-2 pressure - {com.up72.server.mina.handler.MinaServerHandler} -- TCP 函数 [ 100002 ] 请求处理时间 -->> 4
2018-04-16 14:31:19,496-[YZT] [INFO] NioProcessor-2 detail - {com.up72.server.mina.tcp.MinaDecoder} -- jsonString={"a":"100009","J":751882}
2018-04-16 14:31:19,496-[YZT] [INFO] NioProcessor-2 detail - {com.up72.server.mina.tcp.MinaDecoder} -- data={"a":"100009","J":751882}
2018-04-16 14:31:19,496-[YZT] [INFO] NioProcessor-2 detail - {com.up72.server.mina.tcp.MinaDecoder} -- json={"a":"100009","J":751882}
2018-04-16 14:31:19,496-[YZT] [INFO] NioProcessor-2 detail - {com.up72.server.mina.tcp.MinaDecoder} -- interfaceId=100009
2018-04-16 14:31:19,497-[YZT] [INFO] pool-3-thread-3 detail - {com.up72.server.mina.function.TCPFunctionExecutor} -- ==========================>接收到的数据{interfaceId=100009, userId=751882}
2018-04-16 14:31:19,498-[YZT] [INFO] pool-3-thread-3 detail - {com.up72.server.mina.function.TCPGameFunctions} -- 用户点击同意协议,interfaceId -> 100009
2018-04-16 14:31:19,522-[YZT] [INFO] pool-3-thread-3 detail - {com.up72.server.mina.utils.MyBatisUtils} -- sqlSession null , open a new sqlSesson and set to thread locad ! 
2018-04-16 14:31:19,524-[YZT] [INFO] pool-3-thread-3 pressure - {com.up72.server.mina.handler.MinaServerHandler} -- TCP 函数 [ 100009 ] 请求处理时间 -->> 27
2018-04-16 14:32:00,002-[YZT] [INFO] taskScheduler-1 detail - {com.up72.server.mina.utils.ScheduledTask} -- 每分钟统计在线人数完成
2018-04-16 14:33:00,001-[YZT] [INFO] taskScheduler-1 detail - {com.up72.server.mina.utils.ScheduledTask} -- 每分钟统计在线人数完成
2018-04-16 14:34:00,001-[YZT] [INFO] taskScheduler-1 detail - {com.up72.server.mina.utils.ScheduledTask} -- 每分钟统计在线人数完成
2018-04-16 14:35:00,001-[YZT] [INFO] taskScheduler-1 detail - {com.up72.server.mina.utils.ScheduledTask} -- 每分钟统计在线人数完成
2018-04-16 14:36:00,000-[YZT] [INFO] taskScheduler-1 detail - {com.up72.server.mina.utils.ScheduledTask} -- 每分钟统计在线人数完成
2018-04-16 14:36:17,271-[YZT] [INFO] main com.up72.server.mina.utils.ProjectInfoPropertyUtil - 开始加载properties文件内容.......
2018-04-16 14:36:17,275-[YZT] [INFO] main com.up72.server.mina.utils.ProjectInfoPropertyUtil - 加载properties文件内容完成...........
2018-04-16 14:36:17,275-[YZT] [INFO] main com.up72.server.mina.utils.DataLoader - init mybatis
2018-04-16 14:36:17,283-[YZT] [INFO] main com.up72.server.mina.utils.DataLoader - 请求地址为：http://192.168.1.123:8086/
2018-04-16 14:36:17,836-[YZT] [INFO] main detail - {com.up72.server.mina.utils.redis.MyRedis} -- redis 初始化完成
2018-04-16 14:36:17,839-[YZT] [INFO] main detail - {com.up72.server.mina.utils.BackFileUtil} -- 回放文件清理完成！
2018-04-16 14:36:17,839-[YZT] [INFO] main detail - {com.up72.server.mina.tcp.MinaTCPServer} -- Mina TCP Server 服务器开始启动
2018-04-16 14:36:18,083-[YZT] [INFO] main detail - {com.up72.server.mina.tcp.MinaTCPServer} -- Mina TCP Server 唐山斗地主服务器启动完成，端口：8208
2018-04-16 14:36:18,742-[YZT] [INFO] main detail - {com.up72.server.mina.utils.TaskUtil} -- 加载spring的定时配置文件完成
2018-04-16 14:36:21,829-[YZT] [INFO] NioProcessor-2 detail - {com.up72.server.mina.handler.MinaServerHandler} -- 新客户端连接,id=1
2018-04-16 14:36:21,829-[YZT] [INFO] NioProcessor-2 detail - {com.up72.server.mina.handler.MinaServerHandler} -- 第 1 个 client 登陆！address： : /192.168.1.156:54662
2018-04-16 14:36:21,829-[YZT] [INFO] NioProcessor-2 detail - {com.up72.server.mina.handler.MinaServerHandler} --  session Opened ,连接数 -> 1
2018-04-16 14:36:21,854-[YZT] [INFO] NioProcessor-2 detail - {com.up72.server.mina.tcp.MinaDecoder} -- jsonString={"a":"100100","F":"wsw-2","G":10}
2018-04-16 14:36:21,854-[YZT] [INFO] NioProcessor-2 detail - {com.up72.server.mina.tcp.MinaDecoder} -- data={"a":"100100","F":"wsw-2","G":10}
2018-04-16 14:36:21,954-[YZT] [INFO] NioProcessor-2 detail - {com.up72.server.mina.tcp.MinaDecoder} -- json={"a":"100100","F":"wsw-2","G":10}
2018-04-16 14:36:21,955-[YZT] [INFO] NioProcessor-2 detail - {com.up72.server.mina.tcp.MinaDecoder} -- interfaceId=100100
2018-04-16 14:36:21,958-[YZT] [INFO] pool-3-thread-1 detail - {com.up72.server.mina.function.TCPFunctionExecutor} -- ==========================>接收到的数据{openId=wsw-2, interfaceId=100100, cId=10}
2018-04-16 14:36:21,975-[YZT] [INFO] pool-3-thread-1 detail - {com.up72.server.mina.utils.MyBatisUtils} -- sqlSession null , open a new sqlSesson and set to thread locad ! 
2018-04-16 14:36:21,979-[YZT] [INFO] pool-3-thread-1 detail - {com.up72.game.dao.impl.UserMapperImpl} -- sql name ==>>com.up72.game.dao.UserMapper.getNotice
2018-04-16 14:36:26,250-[YZT] [ERROR] pool-3-thread-1 detail - {com.up72.game.dao.impl.UserMapperImpl} -- getNotice数据库操作出错！
2018-04-16 14:36:26,253-[YZT] [INFO] pool-3-thread-1 detail - {com.up72.server.mina.utils.MyBatisUtils} -- sqlSession null , open a new sqlSesson and set to thread locad ! 
2018-04-16 14:36:26,253-[YZT] [INFO] pool-3-thread-1 detail - {com.up72.game.dao.impl.UserMapperImpl} -- sql name ==>>com.up72.game.dao.UserMapper.findByOpenId
2018-04-16 14:36:29,853-[YZT] [INFO] NioProcessor-2 detail - {com.up72.server.mina.handler.MinaServerHandler} -- 链接关闭，id为1
2018-04-16 14:36:30,280-[YZT] [ERROR] pool-3-thread-1 detail - {com.up72.game.dao.impl.UserMapperImpl} -- findByOpenId数据库操作出错！
2018-04-16 14:36:33,390-[YZT] [INFO] pool-3-thread-1 detail - {com.up72.server.mina.utils.MyBatisUtils} -- sqlSession null , open a new sqlSesson and set to thread locad ! 
2018-04-16 14:36:37,445-[YZT] [ERROR] pool-3-thread-1 detail - {com.up72.game.dao.impl.UserMapperImpl} -- getMoneyInit数据库操作出错！
2018-04-16 14:36:37,446-[YZT] [INFO] pool-3-thread-1 detail - {com.up72.server.mina.utils.MyBatisUtils} -- sqlSession null , open a new sqlSesson and set to thread locad ! 
2018-04-16 14:36:41,515-[YZT] [ERROR] pool-3-thread-1 detail - {com.up72.game.dao.impl.UserMapperImpl} -- org.apache.ibatis.exceptions.PersistenceException: 
### Error updating database.  Cause: com.mysql.jdbc.exceptions.jdbc4.MySQLNonTransientConnectionException: Could not create connection to database server. Attempted reconnect 3 times. Giving up.
### Cause: com.mysql.jdbc.exceptions.jdbc4.MySQLNonTransientConnectionException: Could not create connection to database server. Attempted reconnect 3 times. Giving up.插入用户出错
2018-04-16 14:36:41,516-[YZT] [INFO] pool-3-thread-1 detail - {com.up72.server.mina.utils.MyBatisUtils} -- sqlSession null , open a new sqlSesson and set to thread locad ! 
2018-04-16 14:36:45,580-[YZT] [INFO] pool-3-thread-1 pressure - {com.up72.server.mina.handler.MinaServerHandler} -- TCP 函数 [ 100100 ] 请求处理时间 -->> 23624
2018-04-16 14:37:00,003-[YZT] [INFO] taskScheduler-1 detail - {com.up72.server.mina.utils.ScheduledTask} -- 每分钟统计在线人数完成
2018-04-16 14:37:37,912-[YZT] [INFO] main com.up72.server.mina.utils.ProjectInfoPropertyUtil - 开始加载properties文件内容.......
2018-04-16 14:37:37,915-[YZT] [INFO] main com.up72.server.mina.utils.ProjectInfoPropertyUtil - 加载properties文件内容完成...........
2018-04-16 14:37:37,915-[YZT] [INFO] main com.up72.server.mina.utils.DataLoader - init mybatis
2018-04-16 14:37:37,922-[YZT] [INFO] main com.up72.server.mina.utils.DataLoader - 请求地址为：http://47.93.61.29:8086/
2018-04-16 14:37:38,369-[YZT] [INFO] main detail - {com.up72.server.mina.utils.redis.MyRedis} -- redis 初始化完成
2018-04-16 14:37:38,370-[YZT] [INFO] main detail - {com.up72.server.mina.utils.BackFileUtil} -- 回放文件清理完成！
2018-04-16 14:37:38,370-[YZT] [INFO] main detail - {com.up72.server.mina.tcp.MinaTCPServer} -- Mina TCP Server 服务器开始启动
2018-04-16 14:37:38,588-[YZT] [INFO] main detail - {com.up72.server.mina.tcp.MinaTCPServer} -- Mina TCP Server 唐山斗地主服务器启动完成，端口：8208
2018-04-16 14:37:39,185-[YZT] [INFO] main detail - {com.up72.server.mina.utils.TaskUtil} -- 加载spring的定时配置文件完成
2018-04-16 14:37:41,816-[YZT] [INFO] NioProcessor-2 detail - {com.up72.server.mina.handler.MinaServerHandler} -- 新客户端连接,id=1
2018-04-16 14:37:41,817-[YZT] [INFO] NioProcessor-2 detail - {com.up72.server.mina.handler.MinaServerHandler} -- 第 1 个 client 登陆！address： : /192.168.1.156:54878
2018-04-16 14:37:41,817-[YZT] [INFO] NioProcessor-2 detail - {com.up72.server.mina.handler.MinaServerHandler} --  session Opened ,连接数 -> 1
2018-04-16 14:37:41,837-[YZT] [INFO] NioProcessor-2 detail - {com.up72.server.mina.tcp.MinaDecoder} -- jsonString={"a":"100100","F":"wsw-2","G":10}
2018-04-16 14:37:41,837-[YZT] [INFO] NioProcessor-2 detail - {com.up72.server.mina.tcp.MinaDecoder} -- data={"a":"100100","F":"wsw-2","G":10}
2018-04-16 14:37:41,925-[YZT] [INFO] NioProcessor-2 detail - {com.up72.server.mina.tcp.MinaDecoder} -- json={"a":"100100","F":"wsw-2","G":10}
2018-04-16 14:37:41,926-[YZT] [INFO] NioProcessor-2 detail - {com.up72.server.mina.tcp.MinaDecoder} -- interfaceId=100100
2018-04-16 14:37:41,936-[YZT] [INFO] pool-3-thread-1 detail - {com.up72.server.mina.function.TCPFunctionExecutor} -- ==========================>接收到的数据{openId=wsw-2, interfaceId=100100, cId=10}
2018-04-16 14:37:41,947-[YZT] [INFO] pool-3-thread-1 detail - {com.up72.server.mina.utils.MyBatisUtils} -- sqlSession null , open a new sqlSesson and set to thread locad ! 
2018-04-16 14:37:41,951-[YZT] [INFO] pool-3-thread-1 detail - {com.up72.game.dao.impl.UserMapperImpl} -- sql name ==>>com.up72.game.dao.UserMapper.getNotice
2018-04-16 14:37:49,837-[YZT] [INFO] NioProcessor-2 detail - {com.up72.server.mina.handler.MinaServerHandler} -- 链接关闭，id为1
2018-04-16 14:37:53,578-[YZT] [ERROR] pool-3-thread-1 detail - {com.up72.game.dao.impl.UserMapperImpl} -- getNotice数据库操作出错！
2018-04-16 14:37:53,581-[YZT] [INFO] pool-3-thread-1 detail - {com.up72.server.mina.utils.MyBatisUtils} -- sqlSession null , open a new sqlSesson and set to thread locad ! 
2018-04-16 14:37:53,581-[YZT] [INFO] pool-3-thread-1 detail - {com.up72.game.dao.impl.UserMapperImpl} -- sql name ==>>com.up72.game.dao.UserMapper.findByOpenId
2018-04-16 14:38:00,006-[YZT] [INFO] taskScheduler-1 detail - {com.up72.server.mina.utils.ScheduledTask} -- 每分钟统计在线人数完成
2018-04-16 14:38:00,675-[YZT] [ERROR] pool-3-thread-1 detail - {com.up72.game.dao.impl.UserMapperImpl} -- findByOpenId数据库操作出错！
2018-04-16 14:38:00,726-[YZT] [INFO] pool-3-thread-1 detail - {com.up72.server.mina.utils.MyBatisUtils} -- sqlSession null , open a new sqlSesson and set to thread locad ! 
2018-04-16 14:38:10,825-[YZT] [ERROR] pool-3-thread-1 detail - {com.up72.game.dao.impl.UserMapperImpl} -- getMoneyInit数据库操作出错！
2018-04-16 14:38:10,825-[YZT] [INFO] pool-3-thread-1 detail - {com.up72.server.mina.utils.MyBatisUtils} -- sqlSession null , open a new sqlSesson and set to thread locad ! 
2018-04-16 14:38:18,845-[YZT] [ERROR] pool-3-thread-1 detail - {com.up72.game.dao.impl.UserMapperImpl} -- org.apache.ibatis.exceptions.PersistenceException: 
### Error updating database.  Cause: com.mysql.jdbc.exceptions.jdbc4.MySQLNonTransientConnectionException: Could not create connection to database server. Attempted reconnect 3 times. Giving up.
### Cause: com.mysql.jdbc.exceptions.jdbc4.MySQLNonTransientConnectionException: Could not create connection to database server. Attempted reconnect 3 times. Giving up.插入用户出错
2018-04-16 14:38:18,846-[YZT] [INFO] pool-3-thread-1 detail - {com.up72.server.mina.utils.MyBatisUtils} -- sqlSession null , open a new sqlSesson and set to thread locad ! 
2018-04-16 14:38:24,169-[YZT] [INFO] pool-3-thread-1 pressure - {com.up72.server.mina.handler.MinaServerHandler} -- TCP 函数 [ 100100 ] 请求处理时间 -->> 42241
2018-04-16 14:38:51,659-[YZT] [INFO] main com.up72.server.mina.utils.ProjectInfoPropertyUtil - 开始加载properties文件内容.......
2018-04-16 14:38:51,662-[YZT] [INFO] main com.up72.server.mina.utils.ProjectInfoPropertyUtil - 加载properties文件内容完成...........
2018-04-16 14:38:51,662-[YZT] [INFO] main com.up72.server.mina.utils.DataLoader - init mybatis
2018-04-16 14:38:51,675-[YZT] [INFO] main com.up72.server.mina.utils.DataLoader - 请求地址为：http://192.168.1.123:8086/
2018-04-16 14:38:52,109-[YZT] [INFO] main detail - {com.up72.server.mina.utils.redis.MyRedis} -- redis 初始化完成
2018-04-16 14:38:52,110-[YZT] [INFO] main detail - {com.up72.server.mina.utils.BackFileUtil} -- 回放文件清理完成！
2018-04-16 14:38:52,110-[YZT] [INFO] main detail - {com.up72.server.mina.tcp.MinaTCPServer} -- Mina TCP Server 服务器开始启动
2018-04-16 14:38:52,356-[YZT] [INFO] main detail - {com.up72.server.mina.tcp.MinaTCPServer} -- Mina TCP Server 唐山斗地主服务器启动完成，端口：8208
2018-04-16 14:38:52,993-[YZT] [INFO] main detail - {com.up72.server.mina.utils.TaskUtil} -- 加载spring的定时配置文件完成
2018-04-16 14:38:56,964-[YZT] [INFO] NioProcessor-2 detail - {com.up72.server.mina.handler.MinaServerHandler} -- 新客户端连接,id=1
2018-04-16 14:38:56,964-[YZT] [INFO] NioProcessor-2 detail - {com.up72.server.mina.handler.MinaServerHandler} -- 第 1 个 client 登陆！address： : /192.168.1.156:55086
2018-04-16 14:38:56,964-[YZT] [INFO] NioProcessor-2 detail - {com.up72.server.mina.handler.MinaServerHandler} --  session Opened ,连接数 -> 1
2018-04-16 14:38:56,984-[YZT] [INFO] NioProcessor-2 detail - {com.up72.server.mina.tcp.MinaDecoder} -- jsonString={"a":"100100","F":"wsw-2","G":10}
2018-04-16 14:38:56,984-[YZT] [INFO] NioProcessor-2 detail - {com.up72.server.mina.tcp.MinaDecoder} -- data={"a":"100100","F":"wsw-2","G":10}
2018-04-16 14:38:57,079-[YZT] [INFO] NioProcessor-2 detail - {com.up72.server.mina.tcp.MinaDecoder} -- json={"a":"100100","F":"wsw-2","G":10}
2018-04-16 14:38:57,079-[YZT] [INFO] NioProcessor-2 detail - {com.up72.server.mina.tcp.MinaDecoder} -- interfaceId=100100
2018-04-16 14:38:57,082-[YZT] [INFO] pool-3-thread-1 detail - {com.up72.server.mina.function.TCPFunctionExecutor} -- ==========================>接收到的数据{openId=wsw-2, interfaceId=100100, cId=10}
2018-04-16 14:38:57,093-[YZT] [INFO] pool-3-thread-1 detail - {com.up72.server.mina.utils.MyBatisUtils} -- sqlSession null , open a new sqlSesson and set to thread locad ! 
2018-04-16 14:38:57,097-[YZT] [INFO] pool-3-thread-1 detail - {com.up72.game.dao.impl.UserMapperImpl} -- sql name ==>>com.up72.game.dao.UserMapper.getNotice
2018-04-16 14:38:57,447-[YZT] [INFO] pool-3-thread-1 detail - {com.up72.server.mina.utils.MyBatisUtils} -- sqlSession null , open a new sqlSesson and set to thread locad ! 
2018-04-16 14:38:57,447-[YZT] [INFO] pool-3-thread-1 detail - {com.up72.game.dao.impl.UserMapperImpl} -- sql name ==>>com.up72.game.dao.UserMapper.findByOpenId
2018-04-16 14:38:58,964-[YZT] [INFO] pool-3-thread-1 detail - {com.up72.server.mina.utils.MyBatisUtils} -- sqlSession null , open a new sqlSesson and set to thread locad ! 
2018-04-16 14:38:59,060-[YZT] [INFO] pool-3-thread-1 pressure - {com.up72.server.mina.handler.MinaServerHandler} -- TCP 函数 [ 100100 ] 请求处理时间 -->> 1980
2018-04-16 14:38:59,119-[YZT] [INFO] NioProcessor-2 detail - {com.up72.server.mina.tcp.MinaDecoder} -- jsonString={"a":"100002","J":389761,"f":1}
2018-04-16 14:38:59,119-[YZT] [INFO] NioProcessor-2 detail - {com.up72.server.mina.tcp.MinaDecoder} -- data={"a":"100002","J":389761,"f":1}
2018-04-16 14:38:59,120-[YZT] [INFO] NioProcessor-2 detail - {com.up72.server.mina.tcp.MinaDecoder} -- json={"a":"100002","f":1,"J":389761}
2018-04-16 14:38:59,120-[YZT] [INFO] NioProcessor-2 detail - {com.up72.server.mina.tcp.MinaDecoder} -- interfaceId=100002
2018-04-16 14:38:59,120-[YZT] [INFO] pool-3-thread-2 detail - {com.up72.server.mina.function.TCPFunctionExecutor} -- ==========================>接收到的数据{interfaceId=100002, page=1, userId=389761}
2018-04-16 14:38:59,121-[YZT] [INFO] pool-3-thread-2 detail - {com.up72.server.mina.function.TCPGameFunctions} -- 大厅查询战绩,interfaceId -> 100002
2018-04-16 14:38:59,125-[YZT] [INFO] pool-3-thread-2 pressure - {com.up72.server.mina.handler.MinaServerHandler} -- TCP 函数 [ 100002 ] 请求处理时间 -->> 5
2018-04-16 14:39:00,001-[YZT] [INFO] taskScheduler-1 detail - {com.up72.server.mina.utils.ScheduledTask} -- 每分钟统计在线人数完成
2018-04-16 14:40:00,002-[YZT] [INFO] taskScheduler-1 detail - {com.up72.server.mina.utils.ScheduledTask} -- 每分钟统计在线人数完成
